2022-12-22 22:39:09,091 - logger - INFO - connection to db - ok - (parser_ya_direct.py:134)
2022-12-22 22:39:49,771 - logger - INFO - Last date: 2022-12-13 - (parser_ya_direct.py:155)
2022-12-22 22:39:50,297 - logger - INFO - accounts found: 2 - (parser_ya_direct.py:168)
2022-12-22 22:39:50,567 - logger - INFO - date_from: 2022-12-14 - (parser_ya_direct.py:187)
2022-12-22 22:39:50,568 - logger - INFO - date_to: 2022-12-21 - (parser_ya_direct.py:188)
2022-12-22 22:39:50,697 - logger - ERROR - sapetushkov1@yandex.ru_ACCOUNT_PERFORMANCE_REPORT: Request parameters are indicated incorrectly or reached report limit - (parser_ya_direct.py:107)
2022-12-22 22:39:50,765 - logger - ERROR - sapetushkov1@yandex.ru_CAMPAIGN_PERFORMANCE_REPORT: Request parameters are indicated incorrectly or reached report limit - (parser_ya_direct.py:107)
2022-12-22 22:39:50,856 - logger - ERROR - sapetushkov1@yandex.ru_ADGROUP_PERFORMANCE_REPORT: Request parameters are indicated incorrectly or reached report limit - (parser_ya_direct.py:107)
2022-12-22 22:39:50,905 - logger - ERROR - sapetushkov1@yandex.ru_AD_PERFORMANCE_REPORT: Request parameters are indicated incorrectly or reached report limit - (parser_ya_direct.py:107)
2022-12-22 22:39:50,985 - logger - ERROR - sapetushkov1@yandex.ru_CRITERIA_PERFORMANCE_REPORT: Request parameters are indicated incorrectly or reached report limit - (parser_ya_direct.py:107)
2022-12-22 22:39:51,053 - logger - ERROR - sapetushkov1@yandex.ru_CUSTOM_REPORT: Request parameters are indicated incorrectly or reached report limit - (parser_ya_direct.py:107)
2022-12-22 22:39:51,103 - logger - ERROR - sapetushkov1@yandex.ru_REACH_AND_FREQUENCY_PERFORMANCE_REPORT: Request parameters are indicated incorrectly or reached report limit - (parser_ya_direct.py:107)
2022-12-22 22:39:51,162 - logger - ERROR - sapetushkov1@yandex.ru_SEARCH_QUERY_PERFORMANCE_REPORT: Request parameters are indicated incorrectly or reached report limit - (parser_ya_direct.py:107)
2022-12-22 22:39:52,113 - logger - INFO - ecomru-408641-xm1b@yandex.ru_ACCOUNT_PERFORMANCE_REPORT: report created successfully - (parser_ya_direct.py:96)
2022-12-22 22:39:52,116 - logger - INFO - ecomru-408641-xm1b@yandex.ru_ACCOUNT_PERFORMANCE_REPORT: file saved - (parser_ya_direct.py:102)
2022-12-22 22:39:53,870 - logger - INFO - ecomru-408641-xm1b@yandex.ru_CAMPAIGN_PERFORMANCE_REPORT: report created successfully - (parser_ya_direct.py:96)
2022-12-22 22:39:53,872 - logger - INFO - ecomru-408641-xm1b@yandex.ru_CAMPAIGN_PERFORMANCE_REPORT: file saved - (parser_ya_direct.py:102)
2022-12-22 22:40:06,513 - logger - INFO - ecomru-408641-xm1b@yandex.ru_ADGROUP_PERFORMANCE_REPORT: report created successfully - (parser_ya_direct.py:96)
2022-12-22 22:40:06,516 - logger - INFO - ecomru-408641-xm1b@yandex.ru_ADGROUP_PERFORMANCE_REPORT: file saved - (parser_ya_direct.py:102)
2022-12-22 22:40:19,153 - logger - INFO - ecomru-408641-xm1b@yandex.ru_AD_PERFORMANCE_REPORT: report created successfully - (parser_ya_direct.py:96)
2022-12-22 22:40:19,157 - logger - INFO - ecomru-408641-xm1b@yandex.ru_AD_PERFORMANCE_REPORT: file saved - (parser_ya_direct.py:102)
2022-12-22 22:40:31,465 - logger - INFO - ecomru-408641-xm1b@yandex.ru_CRITERIA_PERFORMANCE_REPORT: report created successfully - (parser_ya_direct.py:96)
2022-12-22 22:40:31,466 - logger - INFO - ecomru-408641-xm1b@yandex.ru_CRITERIA_PERFORMANCE_REPORT: file saved - (parser_ya_direct.py:102)
2022-12-22 22:40:43,844 - logger - INFO - ecomru-408641-xm1b@yandex.ru_CUSTOM_REPORT: report created successfully - (parser_ya_direct.py:96)
2022-12-22 22:40:43,846 - logger - INFO - ecomru-408641-xm1b@yandex.ru_CUSTOM_REPORT: file saved - (parser_ya_direct.py:102)
2022-12-22 22:40:44,631 - logger - INFO - ecomru-408641-xm1b@yandex.ru_REACH_AND_FREQUENCY_PERFORMANCE_REPORT: report created successfully - (parser_ya_direct.py:96)
2022-12-22 22:40:44,632 - logger - INFO - ecomru-408641-xm1b@yandex.ru_REACH_AND_FREQUENCY_PERFORMANCE_REPORT: file saved - (parser_ya_direct.py:102)
2022-12-22 22:40:57,059 - logger - INFO - ecomru-408641-xm1b@yandex.ru_SEARCH_QUERY_PERFORMANCE_REPORT: report created successfully - (parser_ya_direct.py:96)
2022-12-22 22:40:57,062 - logger - INFO - ecomru-408641-xm1b@yandex.ru_SEARCH_QUERY_PERFORMANCE_REPORT: file saved - (parser_ya_direct.py:102)
2022-12-22 22:40:57,188 - logger - INFO - lines found: 0 - (parser_ya_direct.py:222)
2022-12-22 22:40:57,189 - logger - INFO - No data for the period, reports are empty - (parser_ya_direct.py:263)
2022-12-22 22:40:57,189 - logger - INFO - Deleting canceled - (parser_ya_direct.py:284)
